<?xml version="1.0" encoding="UTF-8"?>
<testsuite name="com.tomgregory.OptionalTests" tests="14" skipped="0" failures="0" errors="0" timestamp="2022-07-15T10:08:57" hostname="DESKTOP-J0R9V8A" time="0.034">
  <properties/>
  <testcase name="orElseWhenEmpty()" classname="com.tomgregory.OptionalTests" time="0.019"/>
  <testcase name="orWhenEmpty()" classname="com.tomgregory.OptionalTests" time="0.001"/>
  <testcase name="orElseThrowWhenEmpty()" classname="com.tomgregory.OptionalTests" time="0.001"/>
  <testcase name="orElseThrowWhenPresent()" classname="com.tomgregory.OptionalTests" time="0.002"/>
  <testcase name="testOfNullableWhenEmpty()" classname="com.tomgregory.OptionalTests" time="0.001"/>
  <testcase name="testEmpty()" classname="com.tomgregory.OptionalTests" time="0.001"/>
  <testcase name="testPresent()" classname="com.tomgregory.OptionalTests" time="0.001"/>
  <testcase name="testOfNullableWhenPresent()" classname="com.tomgregory.OptionalTests" time="0.0"/>
  <testcase name="orWhenPresent()" classname="com.tomgregory.OptionalTests" time="0.0"/>
  <testcase name="orElseGetWhenEmpty()" classname="com.tomgregory.OptionalTests" time="0.0"/>
  <testcase name="orElseThrowWithSupplierWhenEmpty()" classname="com.tomgregory.OptionalTests" time="0.001"/>
  <testcase name="orElseThrowWithSupplierWhenPresent()" classname="com.tomgregory.OptionalTests" time="0.0"/>
  <testcase name="orElseGetWhenPresent()" classname="com.tomgregory.OptionalTests" time="0.0"/>
  <testcase name="orElseWhenPresent()" classname="com.tomgregory.OptionalTests" time="0.0"/>
  <system-out><![CDATA[]]></system-out>
  <system-err><![CDATA[]]></system-err>
</testsuite>
